Added Pin To Net: NetName=GND_A Pin=DC_IN-2
Added Pin To Net: NetName=GND_A Pin=DC_IN-3
Added Pin To Net: NetName=GND_A Pin=DM1-1
Added Pin To Net: NetName=GND_A Pin=DM2-1
Added Pin To Net: NetName=GND_A Pin=DM3-1
Added Pin To Net: NetName=GND_A Pin=DM4-1
Added Pin To Net: NetName=GND_A Pin=DM5-1
Added Pin To Net: NetName=GND_A Pin=DM6-1
Added Pin To Net: NetName=GND_A Pin=DM7-1
Added Pin To Net: NetName=GND_A Pin=DM8-1
Added Pin To Net: NetName=GND_A Pin=DM9-1
Added Pin To Net: NetName=GND_A Pin=DM10-1
Added Pin To Net: NetName=GND_A Pin=DM11-1
Added Pin To Net: NetName=GND_A Pin=DM12-1
Added Pin To Net: NetName=GND_A Pin=DM13-1
Added Pin To Net: NetName=GND_A Pin=DM14-1
Added Pin To Net: NetName=GND_A Pin=DM15-1
Added Pin To Net: NetName=GND_A Pin=DM16-1
Added Pin To Net: NetName=GND_A Pin=DM17-1
Added Pin To Net: NetName=GND_A Pin=DM18-1
Added Pin To Net: NetName=GND_A Pin=DM19-1
Added Pin To Net: NetName=GND_A Pin=DM20-1
Added Pin To Net: NetName=GND_A Pin=DM21-1
Added Pin To Net: NetName=GND_A Pin=DM22-1
Added Pin To Net: NetName=GND_A Pin=DM23-1
Added Pin To Net: NetName=GND_A Pin=DM24-1
Added Pin To Net: NetName=GND_A Pin=MOS1-2
Added Pin To Net: NetName=GND_A Pin=MOS2-2
Added Pin To Net: NetName=GND_A Pin=R32-2
Added Pin To Net: NetName=GND_A Pin=R35-2
Added Pin To Net: NetName=GND_A Pin=RS-1
Added Room: Name=Sheet1
