Removed Pin From Net: NetName=PWM_3 Pin=ER5-2
Removed Pin From Net: NetName=PWM_4 Pin=ER5-4
Removed Pin From Net: NetName=PWM_5 Pin=ER5-6
Removed Pin From Net: NetName=L4 Pin=ER5-7
Removed Pin From Net: NetName=PWM_6 Pin=ER5-8
Removed Pin From Net: NetName=NetER5_3 Pin=H6-8
Removed Pin From Net: NetName=NetER5_5 Pin=H6-9
Change Component Designator: OldDesignator=ER NewDesignator=ER4
Added Pin To Net: NetName=L4 Pin=ER5-1
Added Pin To Net: NetName=PWM_6 Pin=ER5-2
Added Pin To Net: NetName=PWM_3 Pin=ER5-4
Added Pin To Net: NetName=PWM_4 Pin=ER5-6
Added Pin To Net: NetName=PWM_5 Pin=ER5-8
Added Pin To Net: NetName=NetER5_3 Pin=H6-7
Added Pin To Net: NetName=NetER5_5 Pin=H6-8
Change Net Name : Old Net Name=NetER_3 New Net Name=NetER4_3
Change Net Name : Old Net Name=NetER_5 New Net Name=NetER4_5
Change Net Name : Old Net Name=NetER_7 New Net Name=NetER4_7
Added Pin To Net: NetName=NetER5_7 Pin=ER5-7
Added Pin To Net: NetName=NetER5_7 Pin=H6-9
Added Net: Name=NetER5_7
Added Room: Name=Sheet1
