Removed Pin From Net: NetName=L4 Pin=ER5-1
Removed Pin From Net: NetName=PWM_6 Pin=ER5-2
Removed Pin From Net: NetName=PWM_3 Pin=ER5-4
Removed Pin From Net: NetName=PWM_4 Pin=ER5-6
Removed Pin From Net: NetName=PWM_5 Pin=ER5-8
Removed Pin From Net: NetName=L4 Pin=ER6-1
Removed Pin From Net: NetName=PWM_19 Pin=ER6-2
Removed Pin From Net: NetName=PWM_20 Pin=ER6-4
Removed Pin From Net: NetName=PWM_1 Pin=ER6-6
Removed Pin From Net: NetName=PWM_2 Pin=ER6-8
Removed Member From Class: ClassName=Sheet1 Member=ER6
Added Component: Designator=ER(8P4R_0603)
Add component. Clean all parameters for all variants
Added Pin To Net: NetName=L2 Pin=ER5-1
Added Pin To Net: NetName=PWM_3 Pin=ER5-2
Added Pin To Net: NetName=PWM_4 Pin=ER5-4
Added Pin To Net: NetName=PWM_5 Pin=ER5-6
Added Pin To Net: NetName=PWM_6 Pin=ER5-8
Added Pin To Net: NetName=PWM_19 Pin=ER-2
Added Pin To Net: NetName=PWM_20 Pin=ER-4
Added Pin To Net: NetName=PWM_1 Pin=ER-6
Added Pin To Net: NetName=PWM_2 Pin=ER-8
Added Pin To Net: NetName=NetER_1 Pin=ER-1
Added Pin To Net: NetName=NetER_1 Pin=H8-7
Added Net: Name=NetER_1
Added Pin To Net: NetName=NetER_3 Pin=ER-3
Added Pin To Net: NetName=NetER_3 Pin=H8-8
Added Net: Name=NetER_3
Added Pin To Net: NetName=NetER_5 Pin=ER-5
Added Pin To Net: NetName=NetER_5 Pin=H8-9
Added Net: Name=NetER_5
Added Member To Class: ClassName=Sheet1 Member=Component ER K
