Removed Pin From Net: NetName=PWM_13 Pin=ER4-2
Removed Pin From Net: NetName=PWM_14 Pin=ER4-4
Removed Pin From Net: NetName=PWM_15 Pin=ER4-6
Removed Pin From Net: NetName=PWM_16 Pin=ER4-8
Removed Pin From Net: NetName=PWM_3 Pin=ER5-2
Removed Pin From Net: NetName=PWM_4 Pin=ER5-4
Removed Pin From Net: NetName=PWM_5 Pin=ER5-6
Removed Pin From Net: NetName=PWM_6 Pin=ER5-8
Removed Pin From Net: NetName=PWM_19 Pin=ER6-2
Removed Pin From Net: NetName=PWM_20 Pin=ER6-4
Removed Pin From Net: NetName=PWM_1 Pin=ER6-6
Removed Pin From Net: NetName=PWM_2 Pin=ER6-8
Added Pin To Net: NetName=PWM_15 Pin=ER4-1
Added Pin To Net: NetName=PWM_16 Pin=ER4-3
Added Pin To Net: NetName=PWM_15 Pin=ER4-5
Added Pin To Net: NetName=PWM_14 Pin=ER4-7
Added Pin To Net: NetName=PWM_3 Pin=ER5-1
Added Pin To Net: NetName=PWM_2 Pin=ER5-3
Added Pin To Net: NetName=PWM_13 Pin=ER5-5
Added Pin To Net: NetName=PWM_6 Pin=ER5-7
Added Pin To Net: NetName=PWM_1 Pin=ER6-1
Added Pin To Net: NetName=PWM_20 Pin=ER6-3
Added Pin To Net: NetName=PWM_19 Pin=ER6-5
Added Pin To Net: NetName=PWM_4 Pin=ER6-7
Added Pin To Net: NetName=NetER4_2 Pin=ER4-2
Added Pin To Net: NetName=NetER4_2 Pin=H6-7
Added Net: Name=NetER4_2
Added Pin To Net: NetName=NetER4_4 Pin=ER4-4
Added Pin To Net: NetName=NetER4_4 Pin=H5-9
Added Net: Name=NetER4_4
Added Pin To Net: NetName=NetER4_6 Pin=ER4-6
Added Pin To Net: NetName=NetER4_6 Pin=H5-8
Added Net: Name=NetER4_6
Added Pin To Net: NetName=NetER4_8 Pin=ER4-8
Added Pin To Net: NetName=NetER4_8 Pin=H5-7
Added Net: Name=NetER4_8
Added Pin To Net: NetName=NetER5_2 Pin=ER5-2
Added Pin To Net: NetName=NetER5_2 Pin=H7-8
Added Net: Name=NetER5_2
Added Pin To Net: NetName=NetER5_4 Pin=ER5-4
Added Pin To Net: NetName=NetER5_4 Pin=H7-7
Added Net: Name=NetER5_4
Added Pin To Net: NetName=NetER5_6 Pin=ER5-6
Added Pin To Net: NetName=NetER5_6 Pin=H6-9
Added Net: Name=NetER5_6
Added Pin To Net: NetName=NetER5_8 Pin=ER5-8
Added Pin To Net: NetName=NetER5_8 Pin=H6-8
Added Net: Name=NetER5_8
Added Pin To Net: NetName=NetER6_2 Pin=ER6-2
Added Pin To Net: NetName=NetER6_2 Pin=H8-9
Added Net: Name=NetER6_2
Added Pin To Net: NetName=NetER6_4 Pin=ER6-4
Added Pin To Net: NetName=NetER6_4 Pin=H8-8
Added Net: Name=NetER6_4
Added Pin To Net: NetName=NetER6_6 Pin=ER6-6
Added Pin To Net: NetName=NetER6_6 Pin=H8-7
Added Net: Name=NetER6_6
Added Pin To Net: NetName=NetER6_8 Pin=ER6-8
Added Pin To Net: NetName=NetER6_8 Pin=H7-9
Added Net: Name=NetER6_8
Added Room: Name=Sheet1
