Removed Pin From Net: NetName=VCC_3.3 Pin=R6-2
Removed Pin From Net: NetName=VCC_3.3 Pin=R7-2
Removed Pin From Net: NetName=VCC_3.3 Pin=R8-2
Removed Pin From Net: NetName=VCC_3.3 Pin=R9-2
Removed Pin From Net: NetName=VCC_3.3 Pin=R10-2
Removed Pin From Net: NetName=VCC_3.3 Pin=R11-2
Removed Pin From Net: NetName=VCC_3.3 Pin=R12-2
Removed Pin From Net: NetName=VCC_3.3 Pin=R13-2
Removed Pin From Net: NetName=VCC_3.3 Pin=R14-2
Removed Pin From Net: NetName=VCC_3.3 Pin=R15-2
Removed Pin From Net: NetName=VCC_3.3 Pin=R16-2
Removed Pin From Net: NetName=VCC_3.3 Pin=R17-2
Removed Pin From Net: NetName=VCC_3.3 Pin=R18-2
Removed Pin From Net: NetName=VCC_3.3 Pin=R19-2
Removed Pin From Net: NetName=VCC_3.3 Pin=R20-2
Removed Pin From Net: NetName=VCC_3.3 Pin=R21-2
Removed Pin From Net: NetName=GND_A Pin=R22-1
Removed Pin From Net: NetName=GND_A Pin=R23-1
Removed Pin From Net: NetName=GND_A Pin=R24-1
Removed Pin From Net: NetName=GND_A Pin=R25-1
Removed Pin From Net: NetName=GND_A Pin=R26-1
Removed Pin From Net: NetName=GND_A Pin=R27-1
Removed Pin From Net: NetName=GND_A Pin=R28-1
Removed Pin From Net: NetName=GND_A Pin=R29-1
Removed Pin From Net: NetName=GND_A Pin=R30-1
Removed Pin From Net: NetName=GND_A Pin=R31-1
Removed Pin From Net: NetName=GND_A Pin=R32-1
Removed Pin From Net: NetName=GND_A Pin=R33-1
Removed Pin From Net: NetName=GND_A Pin=R34-1
Removed Pin From Net: NetName=GND_A Pin=R35-1
Removed Pin From Net: NetName=GND_A Pin=R36-1
Removed Pin From Net: NetName=GND_A Pin=R37-1
Removed Member From Class: ClassName=Sheet1 Member=C1
Removed Member From Class: ClassName=Sheet1 Member=C2
Removed Member From Class: ClassName=Sheet1 Member=C3
Removed Member From Class: ClassName=Sheet1 Member=C4
Removed Member From Class: ClassName=Sheet1 Member=C5
Removed Member From Class: ClassName=Sheet1 Member=C6
Removed Member From Class: ClassName=Sheet1 Member=C7
Removed Member From Class: ClassName=Sheet1 Member=C8
Removed Member From Class: ClassName=Sheet1 Member=C9
Removed Member From Class: ClassName=Sheet1 Member=C10
Removed Member From Class: ClassName=Sheet1 Member=C11
Removed Member From Class: ClassName=Sheet1 Member=C13
Removed Member From Class: ClassName=Sheet1 Member=D1
Removed Member From Class: ClassName=Sheet1 Member=D2
Removed Member From Class: ClassName=Sheet1 Member=DM1
Removed Member From Class: ClassName=Sheet1 Member=DM2
Removed Member From Class: ClassName=Sheet1 Member=DM3
Removed Member From Class: ClassName=Sheet1 Member=DM4
Removed Member From Class: ClassName=Sheet1 Member=DM5
Removed Member From Class: ClassName=Sheet1 Member=DM6
Removed Member From Class: ClassName=Sheet1 Member=DM7
Removed Member From Class: ClassName=Sheet1 Member=DM8
Removed Member From Class: ClassName=Sheet1 Member=DM9
Removed Member From Class: ClassName=Sheet1 Member=DM10
Removed Member From Class: ClassName=Sheet1 Member=DM11
Removed Member From Class: ClassName=Sheet1 Member=DM12
Removed Member From Class: ClassName=Sheet1 Member=DM13
Removed Member From Class: ClassName=Sheet1 Member=DM14
Removed Member From Class: ClassName=Sheet1 Member=DM15
Removed Member From Class: ClassName=Sheet1 Member=DM16
Removed Member From Class: ClassName=Sheet1 Member=DM17
Removed Member From Class: ClassName=Sheet1 Member=DM18
Removed Member From Class: ClassName=Sheet1 Member=DM19
Removed Member From Class: ClassName=Sheet1 Member=DM20
Removed Member From Class: ClassName=Sheet1 Member=DM21
Removed Member From Class: ClassName=Sheet1 Member=DM22
Removed Member From Class: ClassName=Sheet1 Member=DM23
Removed Member From Class: ClassName=Sheet1 Member=ER1
Removed Member From Class: ClassName=Sheet1 Member=ER2
Removed Member From Class: ClassName=Sheet1 Member=ER4
Removed Member From Class: ClassName=Sheet1 Member=ER5
Removed Member From Class: ClassName=Sheet1 Member=ER6
Removed Member From Class: ClassName=Sheet1 Member=H1
Removed Member From Class: ClassName=Sheet1 Member=H2
Removed Member From Class: ClassName=Sheet1 Member=H3
Removed Member From Class: ClassName=Sheet1 Member=H4
Removed Member From Class: ClassName=Sheet1 Member=H5
Removed Member From Class: ClassName=Sheet1 Member=H6
Removed Member From Class: ClassName=Sheet1 Member=H7
Removed Member From Class: ClassName=Sheet1 Member=MOS1
Removed Member From Class: ClassName=Sheet1 Member=P1
Removed Member From Class: ClassName=Sheet1 Member=P3
Removed Member From Class: ClassName=Sheet1 Member=P4
Removed Member From Class: ClassName=Sheet1 Member=P5
Removed Member From Class: ClassName=Sheet1 Member=P7
Removed Member From Class: ClassName=Sheet1 Member=P8
Removed Member From Class: ClassName=Sheet1 Member=P9
Removed Member From Class: ClassName=Sheet1 Member=P10
Removed Member From Class: ClassName=Sheet1 Member=P11
Removed Member From Class: ClassName=Sheet1 Member=P12
Removed Member From Class: ClassName=Sheet1 Member=P13
Removed Member From Class: ClassName=Sheet1 Member=P14
Removed Member From Class: ClassName=Sheet1 Member=P15
Removed Member From Class: ClassName=Sheet1 Member=R1
Removed Member From Class: ClassName=Sheet1 Member=R2
Removed Member From Class: ClassName=Sheet1 Member=R3
Removed Member From Class: ClassName=Sheet1 Member=R4
Removed Member From Class: ClassName=Sheet1 Member=R5
Removed Member From Class: ClassName=Sheet1 Member=R8
Removed Member From Class: ClassName=Sheet1 Member=R15
Removed Member From Class: ClassName=Sheet1 Member=R16
Removed Member From Class: ClassName=Sheet1 Member=R17
Removed Member From Class: ClassName=Sheet1 Member=R18
Removed Member From Class: ClassName=Sheet1 Member=R19
Removed Member From Class: ClassName=Sheet1 Member=R20
Removed Member From Class: ClassName=Sheet1 Member=R21
Removed Member From Class: ClassName=Sheet1 Member=R22
Removed Member From Class: ClassName=Sheet1 Member=R23
Removed Member From Class: ClassName=Sheet1 Member=R24
Removed Member From Class: ClassName=Sheet1 Member=R25
Removed Member From Class: ClassName=Sheet1 Member=R26
Removed Member From Class: ClassName=Sheet1 Member=R27
Removed Member From Class: ClassName=Sheet1 Member=R28
Removed Member From Class: ClassName=Sheet1 Member=R29
Removed Member From Class: ClassName=Sheet1 Member=R30
Removed Member From Class: ClassName=Sheet1 Member=R31
Removed Member From Class: ClassName=Sheet1 Member=R36
Removed Member From Class: ClassName=Sheet1 Member=R37
Removed Member From Class: ClassName=Sheet1 Member=R38
Removed Member From Class: ClassName=Sheet1 Member=R40
Removed Member From Class: ClassName=Sheet1 Member=R41
Removed Member From Class: ClassName=Sheet1 Member=U1
Removed Member From Class: ClassName=Sheet1 Member=U3
Removed Member From Class: ClassName=Sheet1 Member=Y1
Change Component Designator: OldDesignator=C1 NewDesignator=C?
Change Component Designator: OldDesignator=C2 NewDesignator=C?
Change Component Designator: OldDesignator=C3 NewDesignator=C?
Change Component Designator: OldDesignator=C4 NewDesignator=C?
Change Component Designator: OldDesignator=C5 NewDesignator=C?
Change Component Designator: OldDesignator=C6 NewDesignator=C?
Change Component Designator: OldDesignator=C7 NewDesignator=C?
Change Component Designator: OldDesignator=C8 NewDesignator=C?
Change Component Designator: OldDesignator=C9 NewDesignator=C?
Change Component Designator: OldDesignator=C10 NewDesignator=C?
Change Component Designator: OldDesignator=C11 NewDesignator=C?
Change Component Designator: OldDesignator=C12 NewDesignator=C?
Change Component Designator: OldDesignator=C13 NewDesignator=C?
Change Component Designator: OldDesignator=D1 NewDesignator=D?
Change Component Designator: OldDesignator=D2 NewDesignator=D?
Change Component Designator: OldDesignator=D3 NewDesignator=D?
Change Component Designator: OldDesignator=DM1 NewDesignator=DM?
Change Component Designator: OldDesignator=DM2 NewDesignator=DM?
Change Component Designator: OldDesignator=DM3 NewDesignator=DM?
Change Component Designator: OldDesignator=DM4 NewDesignator=DM?
Change Component Designator: OldDesignator=DM5 NewDesignator=DM?
Change Component Designator: OldDesignator=DM6 NewDesignator=DM?
Change Component Designator: OldDesignator=DM7 NewDesignator=DM?
Change Component Designator: OldDesignator=DM8 NewDesignator=DM?
Change Component Designator: OldDesignator=DM9 NewDesignator=DM?
Change Component Designator: OldDesignator=DM10 NewDesignator=DM?
Change Component Designator: OldDesignator=DM11 NewDesignator=DM?
Change Component Designator: OldDesignator=DM12 NewDesignator=DM?
Change Component Designator: OldDesignator=DM13 NewDesignator=DM?
Change Component Designator: OldDesignator=DM14 NewDesignator=DM?
Change Component Designator: OldDesignator=DM15 NewDesignator=DM?
Change Component Designator: OldDesignator=DM16 NewDesignator=DM?
Change Component Designator: OldDesignator=DM17 NewDesignator=DM?
Change Component Designator: OldDesignator=DM18 NewDesignator=DM?
Change Component Designator: OldDesignator=DM19 NewDesignator=DM?
Change Component Designator: OldDesignator=DM20 NewDesignator=DM?
Change Component Designator: OldDesignator=DM21 NewDesignator=DM?
Change Component Designator: OldDesignator=DM22 NewDesignator=DM?
Change Component Designator: OldDesignator=DM23 NewDesignator=DM?
Change Component Designator: OldDesignator=DM24 NewDesignator=DM?
Change Component Designator: OldDesignator=ER1 NewDesignator=ER?
Change Component Designator: OldDesignator=ER2 NewDesignator=ER?
Change Component Designator: OldDesignator=ER3 NewDesignator=ER?
Change Component Designator: OldDesignator=ER4 NewDesignator=ER?
Change Component Designator: OldDesignator=ER5 NewDesignator=ER?
Change Component Designator: OldDesignator=ER6 NewDesignator=ER?
Change Component Designator: OldDesignator=H1 NewDesignator=H?
Change Component Designator: OldDesignator=H2 NewDesignator=H?
Change Component Designator: OldDesignator=H3 NewDesignator=H?
Change Component Designator: OldDesignator=H4 NewDesignator=H?
Change Component Designator: OldDesignator=H5 NewDesignator=H?
Change Component Designator: OldDesignator=H6 NewDesignator=H?
Change Component Designator: OldDesignator=H7 NewDesignator=H?
Change Component Designator: OldDesignator=H8 NewDesignator=H?
Change Component Designator: OldDesignator=MOS1 NewDesignator=MOS?
Change Component Designator: OldDesignator=MOS2 NewDesignator=MOS?
Change Component Designator: OldDesignator=P1 NewDesignator=P?
Change Component Designator: OldDesignator=P2 NewDesignator=P?
Change Component Designator: OldDesignator=P3 NewDesignator=P?
Change Component Designator: OldDesignator=P4 NewDesignator=P?
Change Component Designator: OldDesignator=P5 NewDesignator=P?
Change Component Designator: OldDesignator=P6 NewDesignator=P?
Change Component Designator: OldDesignator=P7 NewDesignator=P?
Change Component Designator: OldDesignator=R1 NewDesignator=R?
Change Component Designator: OldDesignator=R2 NewDesignator=R?
Change Component Designator: OldDesignator=R3 NewDesignator=R?
Change Component Designator: OldDesignator=R4 NewDesignator=R?
Change Component Designator: OldDesignator=R5 NewDesignator=R?
Change Component Designator: OldDesignator=R38 NewDesignator=R?
Change Component Designator: OldDesignator=R39 NewDesignator=R?
Change Component Designator: OldDesignator=R40 NewDesignator=R?
Change Component Designator: OldDesignator=R41 NewDesignator=R?
Change Component Designator: OldDesignator=S1 NewDesignator=S?
Change Component Designator: OldDesignator=U1 NewDesignator=U?
Change Component Designator: OldDesignator=U2 NewDesignator=U?
Change Component Designator: OldDesignator=U3 NewDesignator=U?
Change Component Designator: OldDesignator=Y1 NewDesignator=Y?
Change Component Designator: OldDesignator=Y2 NewDesignator=Y?
Change Net Name : Old Net Name=NetC1_2 New Net Name=NetC?_2
Change Net Name : Old Net Name=NetC2_1 New Net Name=NetC?_1
Change Net Name : Old Net Name=NetC4_1 New Net Name=NetC?_1
Change Net Name : Old Net Name=NetC5_2 New Net Name=NetC?_2
Change Net Name : Old Net Name=NetC6_2 New Net Name=NetC?_1
Change Net Name : Old Net Name=NetD1_1 New Net Name=NetD?_1
Change Net Name : Old Net Name=NetD2_1 New Net Name=NetD?_1
Change Net Name : Old Net Name=NetD3_2 New Net Name=NetD?_2
Change Net Name : Old Net Name=NetDM1_2 New Net Name=NetDM?_2
Change Net Name : Old Net Name=NetDM2_2 New Net Name=NetDM?_2
Change Net Name : Old Net Name=NetDM3_2 New Net Name=NetDM?_2
Change Net Name : Old Net Name=NetDM4_2 New Net Name=NetDM?_2
Change Net Name : Old Net Name=NetDM5_2 New Net Name=NetDM?_2
Change Net Name : Old Net Name=NetDM6_2 New Net Name=NetDM?_2
Change Net Name : Old Net Name=NetDM7_2 New Net Name=NetDM?_2
Change Net Name : Old Net Name=NetDM8_2 New Net Name=NetDM?_2
Change Net Name : Old Net Name=NetDM9_2 New Net Name=NetDM?_2
Change Net Name : Old Net Name=NetDM10_2 New Net Name=NetDM?_2
Change Net Name : Old Net Name=NetDM11_2 New Net Name=NetDM?_2
Change Net Name : Old Net Name=NetDM12_2 New Net Name=NetDM?_2
Change Net Name : Old Net Name=NetDM13_2 New Net Name=NetDM?_2
Change Net Name : Old Net Name=NetDM14_2 New Net Name=NetDM?_2
Change Net Name : Old Net Name=NetDM15_2 New Net Name=NetDM?_2
Change Net Name : Old Net Name=NetDM16_2 New Net Name=NetDM?_2
Change Net Name : Old Net Name=NetDM17_2 New Net Name=NetDM?_2
Change Net Name : Old Net Name=NetDM18_2 New Net Name=NetDM?_2
Change Net Name : Old Net Name=NetDM19_2 New Net Name=NetDM?_2
Change Net Name : Old Net Name=NetDM20_2 New Net Name=NetDM?_2
Change Net Name : Old Net Name=NetDM21_2 New Net Name=NetDM?_2
Change Net Name : Old Net Name=NetDM22_2 New Net Name=NetDM?_2
Change Net Name : Old Net Name=NetDM23_2 New Net Name=NetDM?_2
Change Net Name : Old Net Name=NetDM24_2 New Net Name=NetDM?_2
Change Net Name : Old Net Name=NetER1_3 New Net Name=NetER?_3
Change Net Name : Old Net Name=NetER1_5 New Net Name=NetER?_5
Change Net Name : Old Net Name=NetER1_7 New Net Name=NetER?_7
Change Net Name : Old Net Name=NetER2_1 New Net Name=NetER?_1
Change Net Name : Old Net Name=NetER2_3 New Net Name=NetER?_3
Change Net Name : Old Net Name=NetER2_5 New Net Name=NetER?_5
Change Net Name : Old Net Name=NetER2_7 New Net Name=NetER?_7
Change Net Name : Old Net Name=NetER3_5 New Net Name=NetER?_5
Change Net Name : Old Net Name=NetER3_7 New Net Name=NetER?_7
Change Net Name : Old Net Name=NetER4_1 New Net Name=NetER?_1
Change Net Name : Old Net Name=NetER4_3 New Net Name=NetER?_3
Change Net Name : Old Net Name=NetER4_5 New Net Name=NetER?_5
Change Net Name : Old Net Name=NetER4_7 New Net Name=NetER?_7
Change Net Name : Old Net Name=NetER5_1 New Net Name=NetER?_1
Change Net Name : Old Net Name=NetER5_3 New Net Name=NetER?_3
Change Net Name : Old Net Name=NetER5_5 New Net Name=NetER?_5
Change Net Name : Old Net Name=NetER5_7 New Net Name=NetER?_7
Change Net Name : Old Net Name=NetER6_1 New Net Name=NetER?_1
Change Net Name : Old Net Name=NetER6_3 New Net Name=NetER?_3
Change Net Name : Old Net Name=NetER6_5 New Net Name=NetER?_5
Change Net Name : Old Net Name=NetMOS1_1 New Net Name=NetMOS?_1
Change Net Name : Old Net Name=NetMOS2_1 New Net Name=NetMOS?_1
Change Net Name : Old Net Name=NetR2_1 New Net Name=NetR?_1
Change Net Name : Old Net Name=NetR5_2 New Net Name=NetR?_2
