Removed Pin From Net: NetName=PWM_15 Pin=ER4-1
Removed Pin From Net: NetName=PWM_16 Pin=ER4-3
Removed Pin From Net: NetName=PWM_15 Pin=ER4-5
Removed Pin From Net: NetName=PWM_14 Pin=ER4-7
Removed Pin From Net: NetName=PWM_3 Pin=ER5-1
Removed Pin From Net: NetName=PWM_2 Pin=ER5-3
Removed Pin From Net: NetName=PWM_13 Pin=ER5-5
Removed Pin From Net: NetName=PWM_6 Pin=ER5-7
Removed Pin From Net: NetName=PWM_1 Pin=ER6-1
Removed Pin From Net: NetName=PWM_20 Pin=ER6-3
Removed Pin From Net: NetName=PWM_19 Pin=ER6-5
Removed Pin From Net: NetName=PWM_4 Pin=ER6-7
Added Pin To Net: NetName=PWM_14 Pin=ER4-2
Added Pin To Net: NetName=PWM_15 Pin=ER4-4
Added Pin To Net: NetName=PWM_16 Pin=ER4-6
Added Pin To Net: NetName=PWM_15 Pin=ER4-8
Added Pin To Net: NetName=PWM_6 Pin=ER5-2
Added Pin To Net: NetName=PWM_13 Pin=ER5-4
Added Pin To Net: NetName=PWM_2 Pin=ER5-6
Added Pin To Net: NetName=PWM_3 Pin=ER5-8
Added Pin To Net: NetName=PWM_4 Pin=ER6-2
Added Pin To Net: NetName=PWM_19 Pin=ER6-4
Added Pin To Net: NetName=PWM_20 Pin=ER6-6
Added Pin To Net: NetName=PWM_1 Pin=ER6-8
Added Pin To Net: NetName=NetER4_1 Pin=ER4-1
Added Pin To Net: NetName=NetER4_1 Pin=H5-7
Added Net: Name=NetER4_1
Added Pin To Net: NetName=NetER4_3 Pin=ER4-3
Added Pin To Net: NetName=NetER4_3 Pin=H5-8
Added Net: Name=NetER4_3
Added Pin To Net: NetName=NetER4_5 Pin=ER4-5
Added Pin To Net: NetName=NetER4_5 Pin=H5-9
Added Net: Name=NetER4_5
Added Pin To Net: NetName=NetER4_7 Pin=ER4-7
Added Pin To Net: NetName=NetER4_7 Pin=H6-7
Added Net: Name=NetER4_7
Added Pin To Net: NetName=NetER5_1 Pin=ER5-1
Added Pin To Net: NetName=NetER5_1 Pin=H6-8
Added Net: Name=NetER5_1
Added Pin To Net: NetName=NetER5_3 Pin=ER5-3
Added Pin To Net: NetName=NetER5_3 Pin=H6-9
Added Net: Name=NetER5_3
Added Pin To Net: NetName=NetER5_5 Pin=ER5-5
Added Pin To Net: NetName=NetER5_5 Pin=H7-7
Added Net: Name=NetER5_5
Added Pin To Net: NetName=NetER5_7 Pin=ER5-7
Added Pin To Net: NetName=NetER5_7 Pin=H7-8
Added Net: Name=NetER5_7
Added Pin To Net: NetName=NetER6_1 Pin=ER6-1
Added Pin To Net: NetName=NetER6_1 Pin=H7-9
Added Net: Name=NetER6_1
Added Pin To Net: NetName=NetER6_3 Pin=ER6-3
Added Pin To Net: NetName=NetER6_3 Pin=H8-7
Added Net: Name=NetER6_3
Added Pin To Net: NetName=NetER6_5 Pin=ER6-5
Added Pin To Net: NetName=NetER6_5 Pin=H8-8
Added Net: Name=NetER6_5
Added Pin To Net: NetName=NetER6_7 Pin=ER6-7
Added Pin To Net: NetName=NetER6_7 Pin=H8-9
Added Net: Name=NetER6_7
Added Room: Name=Sheet1
