Change Component Designator: Old Designator=*? New Designator=*1
Change Component Designator: Old Designator=C? New Designator=C1
Change Component Designator: Old Designator=C? New Designator=C2
Change Component Designator: Old Designator=C? New Designator=C3
Change Component Designator: Old Designator=C? New Designator=C4
Change Component Designator: Old Designator=C? New Designator=C5
Change Component Designator: Old Designator=C? New Designator=C6
Change Component Designator: Old Designator=C? New Designator=C7
Change Component Designator: Old Designator=C? New Designator=C8
Change Component Designator: Old Designator=C? New Designator=C9
Change Component Designator: Old Designator=C? New Designator=C10
Change Component Designator: Old Designator=C? New Designator=C11
Change Component Designator: Old Designator=C? New Designator=C12
Change Component Designator: Old Designator=C? New Designator=C13
Change Component Designator: Old Designator=D? New Designator=D1
Change Component Designator: Old Designator=D? New Designator=D2
Change Component Designator: Old Designator=D? New Designator=D3
Change Component Designator: Old Designator=DM? New Designator=DM1
Change Component Designator: Old Designator=DM? New Designator=DM2
Change Component Designator: Old Designator=DM? New Designator=DM3
Change Component Designator: Old Designator=DM? New Designator=DM4
Change Component Designator: Old Designator=DM? New Designator=DM5
Change Component Designator: Old Designator=DM? New Designator=DM6
Change Component Designator: Old Designator=DM? New Designator=DM7
Change Component Designator: Old Designator=DM? New Designator=DM8
Change Component Designator: Old Designator=DM? New Designator=DM9
Change Component Designator: Old Designator=DM? New Designator=DM10
Change Component Designator: Old Designator=DM? New Designator=DM11
Change Component Designator: Old Designator=DM? New Designator=DM12
Change Component Designator: Old Designator=DM? New Designator=DM13
Change Component Designator: Old Designator=DM? New Designator=DM14
Change Component Designator: Old Designator=DM? New Designator=DM15
Change Component Designator: Old Designator=DM? New Designator=DM16
Change Component Designator: Old Designator=DM? New Designator=DM17
Change Component Designator: Old Designator=DM? New Designator=DM18
Change Component Designator: Old Designator=DM? New Designator=DM19
Change Component Designator: Old Designator=DM? New Designator=DM20
Change Component Designator: Old Designator=DM? New Designator=DM21
Change Component Designator: Old Designator=DM? New Designator=DM22
Change Component Designator: Old Designator=DM? New Designator=DM23
Change Component Designator: Old Designator=DM? New Designator=DM24
Change Component Designator: Old Designator=ER? New Designator=ER1
Change Component Designator: Old Designator=ER? New Designator=ER2
Change Component Designator: Old Designator=ER? New Designator=ER3
Change Component Designator: Old Designator=ER? New Designator=ER4
Change Component Designator: Old Designator=ER? New Designator=ER5
Change Component Designator: Old Designator=ER? New Designator=ER6
Change Component Designator: Old Designator=H? New Designator=H1
Change Component Designator: Old Designator=H? New Designator=H2
Change Component Designator: Old Designator=H? New Designator=H3
Change Component Designator: Old Designator=H? New Designator=H4
Change Component Designator: Old Designator=H? New Designator=H5
Change Component Designator: Old Designator=H? New Designator=H6
Change Component Designator: Old Designator=H? New Designator=H7
Change Component Designator: Old Designator=H? New Designator=H8
Change Component Designator: Old Designator=MOS? New Designator=MOS1
Change Component Designator: Old Designator=MOS? New Designator=MOS2
Change Component Designator: Old Designator=P? New Designator=P1
Change Component Designator: Old Designator=P? New Designator=P2
Change Component Designator: Old Designator=P? New Designator=P3
Change Component Designator: Old Designator=P? New Designator=P4
Change Component Designator: Old Designator=P? New Designator=P5
Change Component Designator: Old Designator=P? New Designator=P6
Change Component Designator: Old Designator=P? New Designator=P7
Change Component Designator: Old Designator=R? New Designator=R1
Change Component Designator: Old Designator=R? New Designator=R2
Change Component Designator: Old Designator=R? New Designator=R3
Change Component Designator: Old Designator=R? New Designator=R4
Change Component Designator: Old Designator=R? New Designator=R5
Change Component Designator: Old Designator=R? New Designator=R6
Change Component Designator: Old Designator=R? New Designator=R7
Change Component Designator: Old Designator=R? New Designator=R8
Change Component Designator: Old Designator=R? New Designator=R9
Change Component Designator: Old Designator=S? New Designator=S1
Change Component Designator: Old Designator=U? New Designator=U1
Change Component Designator: Old Designator=U? New Designator=U2
Change Component Designator: Old Designator=U? New Designator=U3
Change Component Designator: Old Designator=Y? New Designator=Y1
Change Component Designator: Old Designator=Y? New Designator=Y2
