Change Component Designator: Old Designator=C1 New Designator=C?
Change Component Designator: Old Designator=C2 New Designator=C?
Change Component Designator: Old Designator=C3 New Designator=C?
Change Component Designator: Old Designator=C4 New Designator=C?
Change Component Designator: Old Designator=C5 New Designator=C?
Change Component Designator: Old Designator=C6 New Designator=C?
Change Component Designator: Old Designator=C7 New Designator=C?
Change Component Designator: Old Designator=C8 New Designator=C?
Change Component Designator: Old Designator=C9 New Designator=C?
Change Component Designator: Old Designator=C10 New Designator=C?
Change Component Designator: Old Designator=C11 New Designator=C?
Change Component Designator: Old Designator=C12 New Designator=C?
Change Component Designator: Old Designator=C13 New Designator=C?
Change Component Designator: Old Designator=D1 New Designator=D?
Change Component Designator: Old Designator=D2 New Designator=D?
Change Component Designator: Old Designator=D3 New Designator=D?
Change Component Designator: Old Designator=DM1 New Designator=DM?
Change Component Designator: Old Designator=DM2 New Designator=DM?
Change Component Designator: Old Designator=DM3 New Designator=DM?
Change Component Designator: Old Designator=DM4 New Designator=DM?
Change Component Designator: Old Designator=DM5 New Designator=DM?
Change Component Designator: Old Designator=DM6 New Designator=DM?
Change Component Designator: Old Designator=DM7 New Designator=DM?
Change Component Designator: Old Designator=DM8 New Designator=DM?
Change Component Designator: Old Designator=DM9 New Designator=DM?
Change Component Designator: Old Designator=DM10 New Designator=DM?
Change Component Designator: Old Designator=DM11 New Designator=DM?
Change Component Designator: Old Designator=DM12 New Designator=DM?
Change Component Designator: Old Designator=DM13 New Designator=DM?
Change Component Designator: Old Designator=DM14 New Designator=DM?
Change Component Designator: Old Designator=DM15 New Designator=DM?
Change Component Designator: Old Designator=DM16 New Designator=DM?
Change Component Designator: Old Designator=DM17 New Designator=DM?
Change Component Designator: Old Designator=DM18 New Designator=DM?
Change Component Designator: Old Designator=DM19 New Designator=DM?
Change Component Designator: Old Designator=DM20 New Designator=DM?
Change Component Designator: Old Designator=DM21 New Designator=DM?
Change Component Designator: Old Designator=DM22 New Designator=DM?
Change Component Designator: Old Designator=DM23 New Designator=DM?
Change Component Designator: Old Designator=DM24 New Designator=DM?
Change Component Designator: Old Designator=ER1 New Designator=ER?
Change Component Designator: Old Designator=ER2 New Designator=ER?
Change Component Designator: Old Designator=ER3 New Designator=ER?
Change Component Designator: Old Designator=ER4 New Designator=ER?
Change Component Designator: Old Designator=ER5 New Designator=ER?
Change Component Designator: Old Designator=ER6 New Designator=ER?
Change Component Designator: Old Designator=H1 New Designator=H?
Change Component Designator: Old Designator=H2 New Designator=H?
Change Component Designator: Old Designator=H3 New Designator=H?
Change Component Designator: Old Designator=H4 New Designator=H?
Change Component Designator: Old Designator=H5 New Designator=H?
Change Component Designator: Old Designator=H6 New Designator=H?
Change Component Designator: Old Designator=H7 New Designator=H?
Change Component Designator: Old Designator=H8 New Designator=H?
Change Component Designator: Old Designator=MOS1 New Designator=MOS?
Change Component Designator: Old Designator=MOS2 New Designator=MOS?
Change Component Designator: Old Designator=P1 New Designator=P?
Change Component Designator: Old Designator=P2 New Designator=P?
Change Component Designator: Old Designator=P3 New Designator=P?
Change Component Designator: Old Designator=P4 New Designator=P?
Change Component Designator: Old Designator=P5 New Designator=P?
Change Component Designator: Old Designator=P6 New Designator=P?
Change Component Designator: Old Designator=P7 New Designator=P?
Change Component Designator: Old Designator=R1 New Designator=R?
Change Component Designator: Old Designator=R2 New Designator=R?
Change Component Designator: Old Designator=R3 New Designator=R?
Change Component Designator: Old Designator=R4 New Designator=R?
Change Component Designator: Old Designator=R5 New Designator=R?
Change Component Designator: Old Designator=R38 New Designator=R?
Change Component Designator: Old Designator=R39 New Designator=R?
Change Component Designator: Old Designator=R40 New Designator=R?
Change Component Designator: Old Designator=R41 New Designator=R?
Change Component Designator: Old Designator=S1 New Designator=S?
Change Component Designator: Old Designator=U1 New Designator=U?
Change Component Designator: Old Designator=U2 New Designator=U?
Change Component Designator: Old Designator=U3 New Designator=U?
Change Component Designator: Old Designator=Y1 New Designator=Y?
Change Component Designator: Old Designator=Y2 New Designator=Y?
